### Message : Starting pull of gb_wkab_data_collections ###
Already up to date.
Message : Pull of gb_wkab_data_collections completed ###
 
### Message : Starting pull of gb_wkab_dbpassword ###
Already up to date.
Message : Pull of gb_wkab_dbpassword completed ###
 
### Message : Starting pull of gb_wkab_kofax_service_interop ###
Already up to date.
Message : Pull of gb_wkab_kofax_service_interop completed ###
 
### Message : Starting pull of gb_wkab_utils ###
Already up to date.
Message : Pull of gb_wkab_utils completed ###
 
### Message : Starting pull of gb_wkab_bulk_closure ###
Already up to date.
Message : Pull of gb_wkab_bulk_closure completed ###
 
### Message : Starting pull of gb_wkab_common ###
Already up to date.
Message : Pull of gb_wkab_common completed ###
 
### Message : Starting pull of gb_wkab_framework_package ###
Already up to date.
Message : Pull of gb_wkab_framework_package completed ###
 
### Message : Starting pull of gb_wkab_package ###
Already up to date.
Message : Pull of gb_wkab_package completed ###
 
### Message : Starting pull of gb_wkab_script_engine_package ###
Already up to date.
Message : Pull of gb_wkab_script_engine_package completed ###
 
### Message : Starting pull of gb_wkab_customer_portal_package ###
Already up to date.
Message : Pull of gb_wkab_customer_portal_package completed ###
 
### Message : Starting pull of gb_wkab_benefit_package ###
Already up to date.
Message : Pull of gb_wkab_benefit_package completed ###
 
### Message : Starting pull of gb_wkab_ivr_restapi_service ###
Already up to date.
Message : Pull of gb_wkab_ivr_restapi_service completed ###
 
### Message : Starting pull of gb_wkab_external_portal ###
Already up to date.
Message : Pull of gb_wkab_external_portal completed ###
 
### Message : Starting pull of gb_wkab_customer_portal ###
Already up to date.
Message : Pull of gb_wkab_customer_portal completed ###
 
### Message : Starting pull of gb_wkab_arms ###
Already up to date.
Message : Pull of gb_wkab_arms completed ###
 
### Message : Starting pull of gb_wkab_benefit_engine ###
Already up to date.
Message : Pull of gb_wkab_benefit_engine completed ###
 
### Message : Starting pull of gb_wkab_echo_sign_restapi_service ###
Already up to date.
Message : Pull of gb_wkab_echo_sign_restapi_service completed ###
 
### Message : Starting pull of gb_wkab_claim_service ###
Already up to date.
Message : Pull of gb_wkab_claim_service completed ###
 
### Message : Starting pull of gb_wkab_communications_indexer ###
Already up to date.
Message : Pull of gb_wkab_communications_indexer completed ###
 
### Message : Starting pull of gb_wkab_communications_maintenance ###
Already up to date.
Message : Pull of gb_wkab_communications_maintenance completed ###
 
### Message : Starting pull of gb_wkab_dq_mgr_web ###
Already up to date.
Message : Pull of gb_wkab_dq_mgr_web completed ###
 
### Message : Starting pull of gb_wkab_group_insurance_landing_ui ###
Already up to date.
Message : Pull of gb_wkab_group_insurance_landing_ui completed ###
 
### Message : Starting pull of gb_wkab_member_service ###
Already up to date.
Message : Pull of gb_wkab_member_service completed ###
 
### Message : Starting pull of gb_wkab_script_engine ###
Already up to date.
Message : Pull of gb_wkab_script_engine completed ###
 
### Message : Starting pull of gb_wkab_task_service ###
Already up to date.
Message : Pull of gb_wkab_task_service completed ###
 
### Message : Starting pull of gb_wkab_thaa_portal_services ###
Already up to date.
Message : Pull of gb_wkab_thaa_portal_services completed ###
 
### Message : Starting pull of gb_wkab_utility_service ###
Already up to date.
Message : Pull of gb_wkab_utility_service completed ###
 
### Message : Starting pull of gb_wkab_wcp_web_service ###
Already up to date.
Message : Pull of gb_wkab_wcp_web_service completed ###
 
### Message : Starting pull of gb_wkab_application_integration ###
Already up to date.
Message : Pull of gb_wkab_application_integration completed ###
 
### Message : Starting pull of gb_wkab_portal_service ###
Already up to date.
Message : Pull of gb_wkab_portal_service completed ###
 
### Message : Starting pull of gb_wkab_reporting_service ###
Already up to date.
Message : Pull of gb_wkab_reporting_service completed ###
 
### Message : Starting pull of gb_wkab_workability ###
Already up to date.
Message : Pull of gb_wkab_workability completed ###
 
### Message : Starting pull of gb_wkab_rest_letter_service ###
Already up to date.
Message : Pull of gb_wkab_rest_letter_service completed ###
 
### Message : Starting pull of gb_wkab_restapi_service ###
Already up to date.
Message : Pull of gb_wkab_restapi_service completed ###
 
### Message : Starting pull of gb_wkab_workability_ext ###
Already up to date.
Message : Pull of gb_wkab_workability_ext completed ###
 
### Message : Starting pull of gb_wkab_workability_ext_web_api ###
Already up to date.
Message : Pull of gb_wkab_workability_ext_web_api completed ###
 
### Message : Starting pull of gb_wkab_workability_transaction ###
Already up to date.
Message : Pull of gb_wkab_workability_transaction completed ###
 
### Message : Starting pull of gb_wkab_tools ###
Already up to date.
Message : Pull of gb_wkab_tools completed ###
 
### Message : Starting pull of gb_wkab_wotes_application ###
Already up to date.
Message : Pull of gb_wkab_wotes_application completed ###
 
### Message : Starting pull of gb_wkab_wote_service ###
Already up to date.
Message : Pull of gb_wkab_wote_service completed ###
 
### Message : Starting pull of gb_wkab_accumulator_event_processor ###
Already up to date.
Message : Pull of gb_wkab_accumulator_event_processor completed ###
 
### Message : Starting pull of gb_wkab_alert_notification_batch_job ###
Already up to date.
Message : Pull of gb_wkab_alert_notification_batch_job completed ###
 
### Message : Starting pull of gb_wkab_appointment_reminder_batch_job ###
Already up to date.
Message : Pull of gb_wkab_appointment_reminder_batch_job completed ###
 
### Message : Starting pull of gb_wkab_auto_set_parms_batch ###
Already up to date.
Message : Pull of gb_wkab_auto_set_parms_batch completed ###
 
### Message : Starting pull of gb_wkab_ben_engine_locking_payments ###
Already up to date.
Message : Pull of gb_wkab_ben_engine_locking_payments completed ###
 
### Message : Starting pull of gb_wkab_com_mode_update_batch ###
Already up to date.
Message : Pull of gb_wkab_com_mode_update_batch completed ###
 
### Message : Starting pull of gb_wkab_common_background_process ###
Already up to date.
Message : Pull of gb_wkab_common_background_process completed ###
 
### Message : Starting pull of gb_wkab_disability_auto_adjudication ###
Already up to date.
Message : Pull of gb_wkab_disability_auto_adjudication completed ###
 
### Message : Starting pull of gb_wkab_eligibility_verification ###
Already up to date.
Message : Pull of gb_wkab_eligibility_verification completed ###
 
### Message : Starting pull of gb_wkab_hig_go_live_date_batch ###
Already up to date.
Message : Pull of gb_wkab_hig_go_live_date_batch completed ###
 
### Message : Starting pull of gb_wkab_ltd_claims_load_balancer ###
Already up to date.
Message : Pull of gb_wkab_ltd_claims_load_balancer completed ###
 
### Message : Starting pull of gb_wkab_member_enrollment_processor ###
Already up to date.
Message : Pull of gb_wkab_member_enrollment_processor completed ###
 
### Message : Starting pull of gb_wkab_monitor_file_upload ###
Already up to date.
Message : Pull of gb_wkab_monitor_file_upload completed ###
 
### Message : Starting pull of gb_wkab_plan_maint_notification_batch ###
Already up to date.
Message : Pull of gb_wkab_plan_maint_notification_batch completed ###
 
### Message : Starting pull of gb_wkab_pr_packet_creator ###
Already up to date.
Message : Pull of gb_wkab_pr_packet_creator completed ###
 
### Message : Starting pull of gb_wkab_queue_listener ###
Already up to date.
Message : Pull of gb_wkab_queue_listener completed ###
 
### Message : Starting pull of gb_wkab_scheduled_restapi_event_processor ###
Already up to date.
Message : Pull of gb_wkab_scheduled_restapi_event_processor completed ###
 
### Message : Starting pull of gb_wkab_scheduled_task_to_queue_processors ###
Already up to date.
Message : Pull of gb_wkab_scheduled_task_to_queue_processors completed ###
 
### Message : Starting pull of gb_wkab_send_email_batch_job ###
Already up to date.
Message : Pull of gb_wkab_send_email_batch_job completed ###
 
### Message : Starting pull of gb_wkab_stage_cci_company_data ###
Already up to date.
Message : Pull of gb_wkab_stage_cci_company_data completed ###
 
### Message : Starting pull of gb_wkab_staged_message_processor ###
Already up to date.
Message : Pull of gb_wkab_staged_message_processor completed ###
 
### Message : Starting pull of gb_wkab_stdfsm_load_balancer ###
Already up to date.
Message : Pull of gb_wkab_stdfsm_load_balancer completed ###
 
### Message : Starting pull of gb_wkab_suspended_payments_batch_job ###
Already up to date.
Message : Pull of gb_wkab_suspended_payments_batch_job completed ###
 
### Message : Starting pull of gb_wkab_trigger_for_text_messaging_job ###
Already up to date.
Message : Pull of gb_wkab_trigger_for_text_messaging_job completed ###
 
### Message : Starting pull of gb_wkab_unstructured_datamigrator ###
Already up to date.
Message : Pull of gb_wkab_unstructured_datamigrator completed ###
 
### Message : Starting pull of gb_wkab_update_ficaldw ###
Already up to date.
Message : Pull of gb_wkab_update_ficaldw completed ###
 
### Message : Starting pull of gb_wkab_user_uploaded_files_batch_job ###
Already up to date.
Message : Pull of gb_wkab_user_uploaded_files_batch_job completed ###
 
### Message : Starting pull of gb_wkab_vendor_portal_document_upload_batch ###
Already up to date.
Message : Pull of gb_wkab_vendor_portal_document_upload_batch completed ###
 
### Message : Starting pull of gb_wkab_wcp_dpp_file_notifier ###
Already up to date.
Message : Pull of gb_wkab_wcp_dpp_file_notifier completed ###
 
### Message : Starting pull of gb_wkab_batch_print ###
Already up to date.
Message : Pull of gb_wkab_batch_print completed ###
 
### Message : Starting pull of gb_wkab_echo_sign_svc ###
Already up to date.
Message : Pull of gb_wkab_echo_sign_svc completed ###
 
### Message : Starting pull of gb_wkab_fax_status_requestor ###
Already up to date.
Message : Pull of gb_wkab_fax_status_requestor completed ###
 
### Message : Starting pull of gb_wkab_monitoring_service ###
Already up to date.
Message : Pull of gb_wkab_monitoring_service completed ###
 
### Message : Starting pull of gb_wkab_reports_auto_assignment ###
Already up to date.
Message : Pull of gb_wkab_reports_auto_assignment completed ###
 
### Message : Starting pull of gb_wkab_scheduling ###
Already up to date.
Message : Pull of gb_wkab_scheduling completed ###
 
### Message : Starting pull of gb_wkab_task_staging_service ###
Already up to date.
Message : Pull of gb_wkab_task_staging_service completed ###
 
### Message : Starting pull of gb_wkab_queue_processor ###
Already up to date.
Message : Pull of gb_wkab_queue_processor completed ###
 
### Message : Starting pull of gb_wkab_task_processor ###
Already up to date.
Message : Pull of gb_wkab_task_processor completed ###
 
### Message : Starting pull of gb_wkab_case_contact_email_process ###
Already up to date.
Message : Pull of gb_wkab_case_contact_email_process completed ###
 
### Message : Starting pull of gb_wkab_online_status_queue_processor ###
Already up to date.
Message : Pull of gb_wkab_online_status_queue_processor completed ###
 
### Message : Starting pull of gb_wkab_cm_thaa_intg_processor ###
Already up to date.
Message : Pull of gb_wkab_cm_thaa_intg_processor completed ###
 
### Message : Starting pull of gb_wkab_mudi_processor ###
Already up to date.
Message : Pull of gb_wkab_mudi_processor completed ###
 
### Message : Starting pull of gb_wkab_thaa_dis_claim_rest_service ###
Already up to date.
Message : Pull of gb_wkab_thaa_dis_claim_rest_service completed ###
 
### Message : Starting pull of gb_wkab_thaatm_integration ###
Already up to date.
Message : Pull of gb_wkab_thaatm_integration completed ###
 
### Message : Starting pull of gb_wkab_vendor_portal_ui ###
Already up to date.
Message : Pull of gb_wkab_vendor_portal_ui completed ###
 
### Message : Starting pull of gb_wkab_thaa_thpa ###
Already up to date.
Message : Pull of gb_wkab_thaa_thpa completed ###
 
### Message : Starting pull of gb_wkab_text_msg_response_job ###
Already up to date.
Message : Pull of gb_wkab_text_msg_response_job completed ###
 
### Message : Starting pull of gb_wkab_thaa_add_features ###
Already up to date.
Message : Pull of gb_wkab_thaa_add_features completed ###
 
### Message : Starting pull of gb_thaa_api_utils ###
Already up to date.
Message : Pull of gb_thaa_api_utils completed ###
 
### Message : Starting pull of gb_wkab_de_implement ###
Already up to date.
Message : Pull of gb_wkab_de_implement completed ###
 
### Message : Starting pull of gb_wkab_edm_orchestration_svc ###
Already up to date.
Message : Pull of gb_wkab_edm_orchestration_svc completed ###
 
### Message : Starting pull of gb_wkab_edm_comm_indexer ###
Already up to date.
Message : Pull of gb_wkab_edm_comm_indexer completed ###
 
### Message : Starting pull of gb_wkab_data_collections ###
Already up to date.
Message : Pull of gb_wkab_data_collections completed ###
 
### Message : Starting pull of gb_wkab_dbpassword ###
Already up to date.
Message : Pull of gb_wkab_dbpassword completed ###
 
### Message : Starting pull of gb_wkab_kofax_service_interop ###
Already up to date.
Message : Pull of gb_wkab_kofax_service_interop completed ###
 
### Message : Starting pull of gb_wkab_utils ###
Already up to date.
Message : Pull of gb_wkab_utils completed ###
 
### Message : Starting pull of gb_wkab_bulk_closure ###
Already up to date.
Message : Pull of gb_wkab_bulk_closure completed ###
 
### Message : Starting pull of gb_wkab_common ###
Already up to date.
Message : Pull of gb_wkab_common completed ###
 
### Message : Starting pull of gb_wkab_framework_package ###
Already up to date.
Message : Pull of gb_wkab_framework_package completed ###
 
### Message : Starting pull of gb_wkab_package ###
Already up to date.
Message : Pull of gb_wkab_package completed ###
 
### Message : Starting pull of gb_wkab_script_engine_package ###
Already up to date.
Message : Pull of gb_wkab_script_engine_package completed ###
 
### Message : Starting pull of gb_wkab_customer_portal_package ###
Already up to date.
Message : Pull of gb_wkab_customer_portal_package completed ###
 
### Message : Starting pull of gb_wkab_benefit_package ###
Already up to date.
Message : Pull of gb_wkab_benefit_package completed ###
 
### Message : Starting pull of gb_wkab_ivr_restapi_service ###
Already up to date.
Message : Pull of gb_wkab_ivr_restapi_service completed ###
 
### Message : Starting pull of gb_wkab_external_portal ###
Already up to date.
Message : Pull of gb_wkab_external_portal completed ###
 
### Message : Starting pull of gb_wkab_customer_portal ###
Already up to date.
Message : Pull of gb_wkab_customer_portal completed ###
 
### Message : Starting pull of gb_wkab_arms ###
Already up to date.
Message : Pull of gb_wkab_arms completed ###
 
### Message : Starting pull of gb_wkab_benefit_engine ###
Already up to date.
Message : Pull of gb_wkab_benefit_engine completed ###
 
### Message : Starting pull of gb_wkab_echo_sign_restapi_service ###
Already up to date.
Message : Pull of gb_wkab_echo_sign_restapi_service completed ###
 
### Message : Starting pull of gb_wkab_claim_service ###
Already up to date.
Message : Pull of gb_wkab_claim_service completed ###
 
### Message : Starting pull of gb_wkab_communications_indexer ###
Already up to date.
Message : Pull of gb_wkab_communications_indexer completed ###
 
### Message : Starting pull of gb_wkab_communications_maintenance ###
Already up to date.
Message : Pull of gb_wkab_communications_maintenance completed ###
 
### Message : Starting pull of gb_wkab_dq_mgr_web ###
Already up to date.
Message : Pull of gb_wkab_dq_mgr_web completed ###
 
### Message : Starting pull of gb_wkab_group_insurance_landing_ui ###
Already up to date.
Message : Pull of gb_wkab_group_insurance_landing_ui completed ###
 
### Message : Starting pull of gb_wkab_member_service ###
Already up to date.
Message : Pull of gb_wkab_member_service completed ###
 
### Message : Starting pull of gb_wkab_script_engine ###
Already up to date.
Message : Pull of gb_wkab_script_engine completed ###
 
### Message : Starting pull of gb_wkab_task_service ###
Already up to date.
Message : Pull of gb_wkab_task_service completed ###
 
### Message : Starting pull of gb_wkab_thaa_portal_services ###
Already up to date.
Message : Pull of gb_wkab_thaa_portal_services completed ###
 
### Message : Starting pull of gb_wkab_utility_service ###
Already up to date.
Message : Pull of gb_wkab_utility_service completed ###
 
### Message : Starting pull of gb_wkab_wcp_web_service ###
Already up to date.
Message : Pull of gb_wkab_wcp_web_service completed ###
 
### Message : Starting pull of gb_wkab_application_integration ###
Already up to date.
Message : Pull of gb_wkab_application_integration completed ###
 
### Message : Starting pull of gb_wkab_portal_service ###
Already up to date.
Message : Pull of gb_wkab_portal_service completed ###
 
### Message : Starting pull of gb_wkab_reporting_service ###
Already up to date.
Message : Pull of gb_wkab_reporting_service completed ###
 
### Message : Starting pull of gb_wkab_workability ###
Already up to date.
Message : Pull of gb_wkab_workability completed ###
 
### Message : Starting pull of gb_wkab_rest_letter_service ###
Already up to date.
Message : Pull of gb_wkab_rest_letter_service completed ###
 
### Message : Starting pull of gb_wkab_restapi_service ###
Already up to date.
Message : Pull of gb_wkab_restapi_service completed ###
 
### Message : Starting pull of gb_wkab_workability_ext ###
Already up to date.
Message : Pull of gb_wkab_workability_ext completed ###
 
### Message : Starting pull of gb_wkab_workability_ext_web_api ###
Already up to date.
Message : Pull of gb_wkab_workability_ext_web_api completed ###
 
### Message : Starting pull of gb_wkab_workability_transaction ###
Already up to date.
Message : Pull of gb_wkab_workability_transaction completed ###
 
### Message : Starting pull of gb_wkab_tools ###
Already up to date.
Message : Pull of gb_wkab_tools completed ###
 
### Message : Starting pull of gb_wkab_wotes_application ###
Already up to date.
Message : Pull of gb_wkab_wotes_application completed ###
 
### Message : Starting pull of gb_wkab_wote_service ###
Already up to date.
Message : Pull of gb_wkab_wote_service completed ###
 
### Message : Starting pull of gb_wkab_accumulator_event_processor ###
Already up to date.
Message : Pull of gb_wkab_accumulator_event_processor completed ###
 
### Message : Starting pull of gb_wkab_alert_notification_batch_job ###
Already up to date.
Message : Pull of gb_wkab_alert_notification_batch_job completed ###
 
### Message : Starting pull of gb_wkab_appointment_reminder_batch_job ###
Already up to date.
Message : Pull of gb_wkab_appointment_reminder_batch_job completed ###
 
### Message : Starting pull of gb_wkab_auto_set_parms_batch ###
Already up to date.
Message : Pull of gb_wkab_auto_set_parms_batch completed ###
 
### Message : Starting pull of gb_wkab_ben_engine_locking_payments ###
Already up to date.
Message : Pull of gb_wkab_ben_engine_locking_payments completed ###
 
### Message : Starting pull of gb_wkab_com_mode_update_batch ###
Already up to date.
Message : Pull of gb_wkab_com_mode_update_batch completed ###
 
### Message : Starting pull of gb_wkab_common_background_process ###
Already up to date.
Message : Pull of gb_wkab_common_background_process completed ###
 
### Message : Starting pull of gb_wkab_disability_auto_adjudication ###
Already up to date.
Message : Pull of gb_wkab_disability_auto_adjudication completed ###
 
### Message : Starting pull of gb_wkab_eligibility_verification ###
Already up to date.
Message : Pull of gb_wkab_eligibility_verification completed ###
 
### Message : Starting pull of gb_wkab_hig_go_live_date_batch ###
Already up to date.
Message : Pull of gb_wkab_hig_go_live_date_batch completed ###
 
### Message : Starting pull of gb_wkab_ltd_claims_load_balancer ###
Already up to date.
Message : Pull of gb_wkab_ltd_claims_load_balancer completed ###
 
### Message : Starting pull of gb_wkab_member_enrollment_processor ###
Already up to date.
Message : Pull of gb_wkab_member_enrollment_processor completed ###
 
### Message : Starting pull of gb_wkab_monitor_file_upload ###
Already up to date.
Message : Pull of gb_wkab_monitor_file_upload completed ###
 
### Message : Starting pull of gb_wkab_plan_maint_notification_batch ###
Already up to date.
Message : Pull of gb_wkab_plan_maint_notification_batch completed ###
 
### Message : Starting pull of gb_wkab_pr_packet_creator ###
Already up to date.
Message : Pull of gb_wkab_pr_packet_creator completed ###
 
### Message : Starting pull of gb_wkab_queue_listener ###
Already up to date.
Message : Pull of gb_wkab_queue_listener completed ###
 
### Message : Starting pull of gb_wkab_scheduled_restapi_event_processor ###
Already up to date.
Message : Pull of gb_wkab_scheduled_restapi_event_processor completed ###
 
### Message : Starting pull of gb_wkab_scheduled_task_to_queue_processors ###
Already up to date.
Message : Pull of gb_wkab_scheduled_task_to_queue_processors completed ###
 
### Message : Starting pull of gb_wkab_send_email_batch_job ###
Already up to date.
Message : Pull of gb_wkab_send_email_batch_job completed ###
 
### Message : Starting pull of gb_wkab_stage_cci_company_data ###
Already up to date.
Message : Pull of gb_wkab_stage_cci_company_data completed ###
 
### Message : Starting pull of gb_wkab_staged_message_processor ###
Already up to date.
Message : Pull of gb_wkab_staged_message_processor completed ###
 
### Message : Starting pull of gb_wkab_stdfsm_load_balancer ###
Already up to date.
Message : Pull of gb_wkab_stdfsm_load_balancer completed ###
 
### Message : Starting pull of gb_wkab_suspended_payments_batch_job ###
Already up to date.
Message : Pull of gb_wkab_suspended_payments_batch_job completed ###
 
### Message : Starting pull of gb_wkab_trigger_for_text_messaging_job ###
Already up to date.
Message : Pull of gb_wkab_trigger_for_text_messaging_job completed ###
 
### Message : Starting pull of gb_wkab_unstructured_datamigrator ###
Already up to date.
Message : Pull of gb_wkab_unstructured_datamigrator completed ###
 
### Message : Starting pull of gb_wkab_update_ficaldw ###
Already up to date.
Message : Pull of gb_wkab_update_ficaldw completed ###
 
### Message : Starting pull of gb_wkab_user_uploaded_files_batch_job ###
Already up to date.
Message : Pull of gb_wkab_user_uploaded_files_batch_job completed ###
 
### Message : Starting pull of gb_wkab_vendor_portal_document_upload_batch ###
Already up to date.
Message : Pull of gb_wkab_vendor_portal_document_upload_batch completed ###
 
### Message : Starting pull of gb_wkab_wcp_dpp_file_notifier ###
Already up to date.
Message : Pull of gb_wkab_wcp_dpp_file_notifier completed ###
 
### Message : Starting pull of gb_wkab_batch_print ###
Already up to date.
Message : Pull of gb_wkab_batch_print completed ###
 
### Message : Starting pull of gb_wkab_echo_sign_svc ###
Already up to date.
Message : Pull of gb_wkab_echo_sign_svc completed ###
 
### Message : Starting pull of gb_wkab_fax_status_requestor ###
Already up to date.
Message : Pull of gb_wkab_fax_status_requestor completed ###
 
### Message : Starting pull of gb_wkab_monitoring_service ###
Already up to date.
Message : Pull of gb_wkab_monitoring_service completed ###
 
### Message : Starting pull of gb_wkab_reports_auto_assignment ###
Already up to date.
Message : Pull of gb_wkab_reports_auto_assignment completed ###
 
### Message : Starting pull of gb_wkab_scheduling ###
Already up to date.
Message : Pull of gb_wkab_scheduling completed ###
 
### Message : Starting pull of gb_wkab_task_staging_service ###
Already up to date.
Message : Pull of gb_wkab_task_staging_service completed ###
 
### Message : Starting pull of gb_wkab_queue_processor ###
Already up to date.
Message : Pull of gb_wkab_queue_processor completed ###
 
### Message : Starting pull of gb_wkab_task_processor ###
Already up to date.
Message : Pull of gb_wkab_task_processor completed ###
 
### Message : Starting pull of gb_wkab_case_contact_email_process ###
Already up to date.
Message : Pull of gb_wkab_case_contact_email_process completed ###
 
### Message : Starting pull of gb_wkab_online_status_queue_processor ###
Already up to date.
Message : Pull of gb_wkab_online_status_queue_processor completed ###
 
### Message : Starting pull of gb_wkab_cm_thaa_intg_processor ###
Already up to date.
Message : Pull of gb_wkab_cm_thaa_intg_processor completed ###
 
### Message : Starting pull of gb_wkab_mudi_processor ###
Already up to date.
Message : Pull of gb_wkab_mudi_processor completed ###
 
### Message : Starting pull of gb_wkab_thaa_dis_claim_rest_service ###
Already up to date.
Message : Pull of gb_wkab_thaa_dis_claim_rest_service completed ###
 
### Message : Starting pull of gb_wkab_thaatm_integration ###
Already up to date.
Message : Pull of gb_wkab_thaatm_integration completed ###
 
### Message : Starting pull of gb_wkab_vendor_portal_ui ###
Already up to date.
Message : Pull of gb_wkab_vendor_portal_ui completed ###
 
### Message : Starting pull of gb_wkab_thaa_thpa ###
Already up to date.
Message : Pull of gb_wkab_thaa_thpa completed ###
 
### Message : Starting pull of gb_wkab_text_msg_response_job ###
Already up to date.
Message : Pull of gb_wkab_text_msg_response_job completed ###
 
### Message : Starting pull of gb_wkab_thaa_add_features ###
Already up to date.
Message : Pull of gb_wkab_thaa_add_features completed ###
 
### Message : Starting pull of gb_thaa_api_utils ###
Already up to date.
Message : Pull of gb_thaa_api_utils completed ###
 
### Message : Starting pull of gb_wkab_de_implement ###
Already up to date.
Message : Pull of gb_wkab_de_implement completed ###
 
### Message : Starting pull of gb_wkab_edm_orchestration_svc ###
Already up to date.
Message : Pull of gb_wkab_edm_orchestration_svc completed ###
 
### Message : Starting pull of gb_wkab_edm_comm_indexer ###
Already up to date.
Message : Pull of gb_wkab_edm_comm_indexer completed ###
 
### Message : Starting pull of gb_wkab_data_collections ###
Already up to date.
Message : Pull of gb_wkab_data_collections completed ###
 
### Message : Starting pull of gb_wkab_dbpassword ###
Already up to date.
Message : Pull of gb_wkab_dbpassword completed ###
 
### Message : Starting pull of gb_wkab_kofax_service_interop ###
Already up to date.
Message : Pull of gb_wkab_kofax_service_interop completed ###
 
### Message : Starting pull of gb_wkab_utils ###
Already up to date.
Message : Pull of gb_wkab_utils completed ###
 
### Message : Starting pull of gb_wkab_bulk_closure ###
Already up to date.
Message : Pull of gb_wkab_bulk_closure completed ###
 
### Message : Starting pull of gb_wkab_common ###
Already up to date.
Message : Pull of gb_wkab_common completed ###
 
### Message : Starting pull of gb_wkab_framework_package ###
Already up to date.
Message : Pull of gb_wkab_framework_package completed ###
 
### Message : Starting pull of gb_wkab_package ###
Already up to date.
Message : Pull of gb_wkab_package completed ###
 
### Message : Starting pull of gb_wkab_script_engine_package ###
Already up to date.
Message : Pull of gb_wkab_script_engine_package completed ###
 
### Message : Starting pull of gb_wkab_customer_portal_package ###
Already up to date.
Message : Pull of gb_wkab_customer_portal_package completed ###
 
### Message : Starting pull of gb_wkab_benefit_package ###
Already up to date.
Message : Pull of gb_wkab_benefit_package completed ###
 
### Message : Starting pull of gb_wkab_ivr_restapi_service ###
Already up to date.
Message : Pull of gb_wkab_ivr_restapi_service completed ###
 
### Message : Starting pull of gb_wkab_external_portal ###
Already up to date.
Message : Pull of gb_wkab_external_portal completed ###
 
### Message : Starting pull of gb_wkab_customer_portal ###
Already up to date.
Message : Pull of gb_wkab_customer_portal completed ###
 
### Message : Starting pull of gb_wkab_arms ###
Already up to date.
Message : Pull of gb_wkab_arms completed ###
 
### Message : Starting pull of gb_wkab_benefit_engine ###
Already up to date.
Message : Pull of gb_wkab_benefit_engine completed ###
 
### Message : Starting pull of gb_wkab_echo_sign_restapi_service ###
Already up to date.
Message : Pull of gb_wkab_echo_sign_restapi_service completed ###
 
### Message : Starting pull of gb_wkab_claim_service ###
Already up to date.
Message : Pull of gb_wkab_claim_service completed ###
 
### Message : Starting pull of gb_wkab_communications_indexer ###
Already up to date.
Message : Pull of gb_wkab_communications_indexer completed ###
 
### Message : Starting pull of gb_wkab_communications_maintenance ###
Already up to date.
Message : Pull of gb_wkab_communications_maintenance completed ###
 
### Message : Starting pull of gb_wkab_dq_mgr_web ###
Already up to date.
Message : Pull of gb_wkab_dq_mgr_web completed ###
 
### Message : Starting pull of gb_wkab_group_insurance_landing_ui ###
Already up to date.
Message : Pull of gb_wkab_group_insurance_landing_ui completed ###
 
### Message : Starting pull of gb_wkab_member_service ###
Already up to date.
Message : Pull of gb_wkab_member_service completed ###
 
### Message : Starting pull of gb_wkab_script_engine ###
Already up to date.
Message : Pull of gb_wkab_script_engine completed ###
 
### Message : Starting pull of gb_wkab_task_service ###
Already up to date.
Message : Pull of gb_wkab_task_service completed ###
 
### Message : Starting pull of gb_wkab_thaa_portal_services ###
Already up to date.
Message : Pull of gb_wkab_thaa_portal_services completed ###
 
### Message : Starting pull of gb_wkab_utility_service ###
Already up to date.
Message : Pull of gb_wkab_utility_service completed ###
 
### Message : Starting pull of gb_wkab_wcp_web_service ###
Already up to date.
Message : Pull of gb_wkab_wcp_web_service completed ###
 
### Message : Starting pull of gb_wkab_application_integration ###
Already up to date.
Message : Pull of gb_wkab_application_integration completed ###
 
### Message : Starting pull of gb_wkab_portal_service ###
Already up to date.
Message : Pull of gb_wkab_portal_service completed ###
 
### Message : Starting pull of gb_wkab_reporting_service ###
Already up to date.
Message : Pull of gb_wkab_reporting_service completed ###
 
### Message : Starting pull of gb_wkab_workability ###
Already up to date.
Message : Pull of gb_wkab_workability completed ###
 
### Message : Starting pull of gb_wkab_rest_letter_service ###
Already up to date.
Message : Pull of gb_wkab_rest_letter_service completed ###
 
### Message : Starting pull of gb_wkab_restapi_service ###
Already up to date.
Message : Pull of gb_wkab_restapi_service completed ###
 
### Message : Starting pull of gb_wkab_workability_ext ###
Already up to date.
Message : Pull of gb_wkab_workability_ext completed ###
 
### Message : Starting pull of gb_wkab_workability_ext_web_api ###
Already up to date.
Message : Pull of gb_wkab_workability_ext_web_api completed ###
 
### Message : Starting pull of gb_wkab_workability_transaction ###
Already up to date.
Message : Pull of gb_wkab_workability_transaction completed ###
 
### Message : Starting pull of gb_wkab_tools ###
Already up to date.
Message : Pull of gb_wkab_tools completed ###
 
### Message : Starting pull of gb_wkab_wotes_application ###
Already up to date.
Message : Pull of gb_wkab_wotes_application completed ###
 
### Message : Starting pull of gb_wkab_wote_service ###
Already up to date.
Message : Pull of gb_wkab_wote_service completed ###
 
### Message : Starting pull of gb_wkab_accumulator_event_processor ###
Already up to date.
Message : Pull of gb_wkab_accumulator_event_processor completed ###
 
### Message : Starting pull of gb_wkab_alert_notification_batch_job ###
Already up to date.
Message : Pull of gb_wkab_alert_notification_batch_job completed ###
 
### Message : Starting pull of gb_wkab_appointment_reminder_batch_job ###
Already up to date.
Message : Pull of gb_wkab_appointment_reminder_batch_job completed ###
 
### Message : Starting pull of gb_wkab_auto_set_parms_batch ###
Already up to date.
Message : Pull of gb_wkab_auto_set_parms_batch completed ###
 
### Message : Starting pull of gb_wkab_ben_engine_locking_payments ###
Already up to date.
Message : Pull of gb_wkab_ben_engine_locking_payments completed ###
 
### Message : Starting pull of gb_wkab_com_mode_update_batch ###
Already up to date.
Message : Pull of gb_wkab_com_mode_update_batch completed ###
 
### Message : Starting pull of gb_wkab_common_background_process ###
Already up to date.
Message : Pull of gb_wkab_common_background_process completed ###
 
### Message : Starting pull of gb_wkab_disability_auto_adjudication ###
Already up to date.
Message : Pull of gb_wkab_disability_auto_adjudication completed ###
 
### Message : Starting pull of gb_wkab_eligibility_verification ###
Already up to date.
Message : Pull of gb_wkab_eligibility_verification completed ###
 
### Message : Starting pull of gb_wkab_hig_go_live_date_batch ###
Already up to date.
Message : Pull of gb_wkab_hig_go_live_date_batch completed ###
 
### Message : Starting pull of gb_wkab_ltd_claims_load_balancer ###
Already up to date.
Message : Pull of gb_wkab_ltd_claims_load_balancer completed ###
 
### Message : Starting pull of gb_wkab_member_enrollment_processor ###
Already up to date.
Message : Pull of gb_wkab_member_enrollment_processor completed ###
 
### Message : Starting pull of gb_wkab_monitor_file_upload ###
Already up to date.
Message : Pull of gb_wkab_monitor_file_upload completed ###
 
### Message : Starting pull of gb_wkab_plan_maint_notification_batch ###
Already up to date.
Message : Pull of gb_wkab_plan_maint_notification_batch completed ###
 
### Message : Starting pull of gb_wkab_pr_packet_creator ###
Already up to date.
Message : Pull of gb_wkab_pr_packet_creator completed ###
 
### Message : Starting pull of gb_wkab_queue_listener ###
Already up to date.
Message : Pull of gb_wkab_queue_listener completed ###
 
### Message : Starting pull of gb_wkab_scheduled_restapi_event_processor ###
Already up to date.
Message : Pull of gb_wkab_scheduled_restapi_event_processor completed ###
 
### Message : Starting pull of gb_wkab_scheduled_task_to_queue_processors ###
Already up to date.
Message : Pull of gb_wkab_scheduled_task_to_queue_processors completed ###
 
### Message : Starting pull of gb_wkab_send_email_batch_job ###
Already up to date.
Message : Pull of gb_wkab_send_email_batch_job completed ###
 
### Message : Starting pull of gb_wkab_stage_cci_company_data ###
Already up to date.
Message : Pull of gb_wkab_stage_cci_company_data completed ###
 
### Message : Starting pull of gb_wkab_staged_message_processor ###
Already up to date.
Message : Pull of gb_wkab_staged_message_processor completed ###
 
### Message : Starting pull of gb_wkab_stdfsm_load_balancer ###
Already up to date.
Message : Pull of gb_wkab_stdfsm_load_balancer completed ###
 
### Message : Starting pull of gb_wkab_suspended_payments_batch_job ###
Already up to date.
Message : Pull of gb_wkab_suspended_payments_batch_job completed ###
 
### Message : Starting pull of gb_wkab_trigger_for_text_messaging_job ###
Already up to date.
Message : Pull of gb_wkab_trigger_for_text_messaging_job completed ###
 
### Message : Starting pull of gb_wkab_unstructured_datamigrator ###
Already up to date.
Message : Pull of gb_wkab_unstructured_datamigrator completed ###
 
### Message : Starting pull of gb_wkab_update_ficaldw ###
Already up to date.
Message : Pull of gb_wkab_update_ficaldw completed ###
 
### Message : Starting pull of gb_wkab_user_uploaded_files_batch_job ###
Already up to date.
Message : Pull of gb_wkab_user_uploaded_files_batch_job completed ###
 
### Message : Starting pull of gb_wkab_vendor_portal_document_upload_batch ###
Already up to date.
Message : Pull of gb_wkab_vendor_portal_document_upload_batch completed ###
 
### Message : Starting pull of gb_wkab_wcp_dpp_file_notifier ###
Already up to date.
Message : Pull of gb_wkab_wcp_dpp_file_notifier completed ###
 
### Message : Starting pull of gb_wkab_batch_print ###
Already up to date.
Message : Pull of gb_wkab_batch_print completed ###
 
### Message : Starting pull of gb_wkab_echo_sign_svc ###
Already up to date.
Message : Pull of gb_wkab_echo_sign_svc completed ###
 
### Message : Starting pull of gb_wkab_fax_status_requestor ###
Already up to date.
Message : Pull of gb_wkab_fax_status_requestor completed ###
 
### Message : Starting pull of gb_wkab_monitoring_service ###
Already up to date.
Message : Pull of gb_wkab_monitoring_service completed ###
 
### Message : Starting pull of gb_wkab_reports_auto_assignment ###
Already up to date.
Message : Pull of gb_wkab_reports_auto_assignment completed ###
 
### Message : Starting pull of gb_wkab_scheduling ###
Already up to date.
Message : Pull of gb_wkab_scheduling completed ###
 
### Message : Starting pull of gb_wkab_task_staging_service ###
Already up to date.
Message : Pull of gb_wkab_task_staging_service completed ###
 
### Message : Starting pull of gb_wkab_queue_processor ###
Already up to date.
Message : Pull of gb_wkab_queue_processor completed ###
 
### Message : Starting pull of gb_wkab_task_processor ###
Already up to date.
Message : Pull of gb_wkab_task_processor completed ###
 
### Message : Starting pull of gb_wkab_case_contact_email_process ###
Already up to date.
Message : Pull of gb_wkab_case_contact_email_process completed ###
 
### Message : Starting pull of gb_wkab_online_status_queue_processor ###
Already up to date.
Message : Pull of gb_wkab_online_status_queue_processor completed ###
 
### Message : Starting pull of gb_wkab_cm_thaa_intg_processor ###
Already up to date.
Message : Pull of gb_wkab_cm_thaa_intg_processor completed ###
 
### Message : Starting pull of gb_wkab_mudi_processor ###
Already up to date.
Message : Pull of gb_wkab_mudi_processor completed ###
 
### Message : Starting pull of gb_wkab_thaa_dis_claim_rest_service ###
Already up to date.
Message : Pull of gb_wkab_thaa_dis_claim_rest_service completed ###
 
### Message : Starting pull of gb_wkab_thaatm_integration ###
Already up to date.
Message : Pull of gb_wkab_thaatm_integration completed ###
 
### Message : Starting pull of gb_wkab_vendor_portal_ui ###
Already up to date.
Message : Pull of gb_wkab_vendor_portal_ui completed ###
 
### Message : Starting pull of gb_wkab_thaa_thpa ###
Already up to date.
Message : Pull of gb_wkab_thaa_thpa completed ###
 
### Message : Starting pull of gb_wkab_text_msg_response_job ###
Already up to date.
Message : Pull of gb_wkab_text_msg_response_job completed ###
 
### Message : Starting pull of gb_wkab_thaa_add_features ###
Already up to date.
Message : Pull of gb_wkab_thaa_add_features completed ###
 
### Message : Starting pull of gb_thaa_api_utils ###
Already up to date.
Message : Pull of gb_thaa_api_utils completed ###
 
### Message : Starting pull of gb_wkab_de_implement ###
Already up to date.
Message : Pull of gb_wkab_de_implement completed ###
 
### Message : Starting pull of gb_wkab_edm_orchestration_svc ###
Already up to date.
Message : Pull of gb_wkab_edm_orchestration_svc completed ###
 
### Message : Starting pull of gb_wkab_edm_comm_indexer ###
Already up to date.
Message : Pull of gb_wkab_edm_comm_indexer completed ###
 
